<?xml version="1.0" encoding="UTF-8"?>
<testsuite xmlns:xsi="http://www.w3.org/2001/XMLSchema-instance" xsi:noNamespaceSchemaLocation="https://maven.apache.org/surefire/maven-surefire-plugin/xsd/surefire-test-report.xsd" version="3.0.2" name="io.enscrypting.bytes.library.LibraryApplicationTests" time="3.055" tests="1" errors="0" skipped="0" failures="0">
  <properties>
[...]
</properties>
  <testcase name="contextLoads" classname="io.enscrypting.bytes.library.LibraryApplicationTests" time="1.091">
    <system-out><![CDATA[14:57:54.400 [main] INFO org.springframework.test.context.support.AnnotationConfigContextLoaderUtils -- Could not detect default configuration classes for test class [io.enscrypting.bytes.library.LibraryApplicationTests]: LibraryApplicationTests does not declare any static, non-private, non-final, nested classes annotated with @Configuration.
14:57:54.626 [main] INFO org.springframework.boot.test.context.SpringBootTestContextBootstrapper -- Found @SpringBootConfiguration io.enscrypting.bytes.library.LibraryApplication for test class io.enscrypting.bytes.library.LibraryApplicationTests

  .   ____          _            __ _ _
 /\\ / ___'_ __ _ _(_)_ __  __ _ \ \ \ \
( ( )\___ | '_ | '_| | '_ \/ _` | \ \ \ \
 \\/  ___)| |_)| | | | | || (_| |  ) ) ) )
  '  |____| .__|_| |_|_| |_\__, | / / / /
 =========|_|==============|___/=/_/_/_/

 :: Spring Boot ::                (v3.5.4)

2025-07-30T14:57:55.375+05:30  INFO 19340 --- [library] [           main] i.e.b.library.LibraryApplicationTests    : Starting LibraryApplicationTests using Java 23.0.2 with PID 19340 (started by Ruturaj Mestry in D:\SDE Practice\EventDrivenDemo\spring-boot-kafka\library)
2025-07-30T14:57:55.377+05:30  INFO 19340 --- [library] [           main] i.e.b.library.LibraryApplicationTests    : No active profile set, falling back to 1 default profile: "default"
2025-07-30T14:57:56.132+05:30  INFO 19340 --- [library] [           main] i.e.b.library.LibraryApplicationTests    : Started LibraryApplicationTests in 1.258 seconds (process running for 2.902)
]]></system-out>
    <system-err><![CDATA[Mockito is currently self-attaching to enable the inline-mock-maker. This will no longer work in future releases of the JDK. Please add Mockito as an agent to your build as described in Mockito's documentation: https://javadoc.io/doc/org.mockito/mockito-core/latest/org.mockito/org/mockito/Mockito.html#0.3
WARNING: A Java agent has been loaded dynamically (C:\Users\Ruturaj Mestry\.m2\repository\net\bytebuddy\byte-buddy-agent\1.17.6\byte-buddy-agent-1.17.6.jar)
WARNING: If a serviceability tool is in use, please run with -XX:+EnableDynamicAgentLoading to hide this warning
WARNING: If a serviceability tool is not in use, please run with -Djdk.instrument.traceUsage for more information
WARNING: Dynamic loading of agents will be disallowed by default in a future release
]]></system-err>
  </testcase>
</testsuite>